{"C:\\pessoal\\sketches-by-Boz\\sketches-by-boz\\src\\components\\button\\index.tsx": {"path":"C:\\pessoal\\sketches-by-Boz\\sketches-by-boz\\src\\components\\button\\index.tsx","statementMap":{"0":{"start":{"line":2,"column":0},"end":{"line":2,"column":38}},"1":{"start":{"line":3,"column":0},"end":{"line":3,"column":44}},"2":{"start":{"line":6,"column":55},"end":{"line":21,"column":1}},"3":{"start":{"line":13,"column":18},"end":{"line":13,"column":31}},"4":{"start":{"line":14,"column":4},"end":{"line":20,"column":null}},"5":{"start":{"line":23,"column":0},"end":{"line":23,"column":30}}},"fnMap":{"0":{"name":"(anonymous_1)","decl":{"start":{"line":6,"column":55},"end":{"line":6,"column":56}},"loc":{"start":{"line":12,"column":5},"end":{"line":21,"column":1}}}},"branchMap":{"0":{"loc":{"start":{"line":9,"column":2},"end":{"line":9,"column":19}},"type":"default-arg","locations":[{"start":{"line":9,"column":12},"end":{"line":9,"column":19}}]},"1":{"loc":{"start":{"line":16,"column":80},"end":{"line":16,"column":107}},"type":"cond-expr","locations":[{"start":{"line":16,"column":90},"end":{"line":16,"column":95}},{"start":{"line":16,"column":98},"end":{"line":16,"column":107}}]},"2":{"loc":{"start":{"line":17,"column":14},"end":{"line":17,"column":77}},"type":"cond-expr","locations":[{"start":{"line":17,"column":24},"end":{"line":17,"column":69}},{"start":{"line":17,"column":72},"end":{"line":17,"column":77}}]}},"s":{"0":2,"1":2,"2":2,"3":109,"4":109,"5":2},"f":{"0":109},"b":{"0":[92],"1":[17,92],"2":[17,92]}}
,"C:\\pessoal\\sketches-by-Boz\\sketches-by-boz\\src\\components\\button\\styles.ts": {"path":"C:\\pessoal\\sketches-by-Boz\\sketches-by-boz\\src\\components\\button\\styles.ts","statementMap":{"0":{"start":{"line":1,"column":0},"end":{"line":1,"column":39}},"1":{"start":{"line":3,"column":13},"end":{"line":15,"column":2}},"2":{"start":{"line":17,"column":13},"end":{"line":21,"column":2}}},"fnMap":{},"branchMap":{},"s":{"0":2,"1":2,"2":2},"f":{},"b":{}}
,"C:\\pessoal\\sketches-by-Boz\\sketches-by-boz\\src\\components\\cards\\index.tsx": {"path":"C:\\pessoal\\sketches-by-Boz\\sketches-by-boz\\src\\components\\cards\\index.tsx","statementMap":{"0":{"start":{"line":1,"column":0},"end":{"line":1,"column":40}},"1":{"start":{"line":2,"column":0},"end":{"line":2,"column":66}},"2":{"start":{"line":3,"column":0},"end":{"line":3,"column":29}},"3":{"start":{"line":4,"column":0},"end":{"line":4,"column":45}},"4":{"start":{"line":5,"column":0},"end":{"line":5,"column":41}},"5":{"start":{"line":6,"column":0},"end":{"line":6,"column":44}},"6":{"start":{"line":9,"column":66},"end":{"line":14,"column":2}},"7":{"start":{"line":16,"column":34},"end":{"line":42,"column":1}},"8":{"start":{"line":17,"column":24},"end":{"line":17,"column":42}},"9":{"start":{"line":18,"column":32},"end":{"line":18,"column":47}},"10":{"start":{"line":20,"column":2},"end":{"line":41,"column":4}},"11":{"start":{"line":26,"column":41},"end":{"line":26,"column":57}},"12":{"start":{"line":27,"column":41},"end":{"line":27,"column":54}},"13":{"start":{"line":34,"column":25},"end":{"line":34,"column":42}},"14":{"start":{"line":37,"column":33},"end":{"line":37,"column":55}},"15":{"start":{"line":44,"column":0},"end":{"line":44,"column":20}}},"fnMap":{"0":{"name":"(anonymous_1)","decl":{"start":{"line":16,"column":34},"end":{"line":16,"column":35}},"loc":{"start":{"line":16,"column":80},"end":{"line":42,"column":1}}},"1":{"name":"(anonymous_2)","decl":{"start":{"line":26,"column":35},"end":{"line":26,"column":38}},"loc":{"start":{"line":26,"column":41},"end":{"line":26,"column":57}}},"2":{"name":"(anonymous_3)","decl":{"start":{"line":27,"column":35},"end":{"line":27,"column":38}},"loc":{"start":{"line":27,"column":41},"end":{"line":27,"column":54}}},"3":{"name":"(anonymous_4)","decl":{"start":{"line":34,"column":19},"end":{"line":34,"column":22}},"loc":{"start":{"line":34,"column":25},"end":{"line":34,"column":42}}},"4":{"name":"(anonymous_5)","decl":{"start":{"line":37,"column":20},"end":{"line":37,"column":21}},"loc":{"start":{"line":37,"column":33},"end":{"line":37,"column":55}}}},"branchMap":{"0":{"loc":{"start":{"line":31,"column":7},"end":{"line":38,"column":null}},"type":"binary-expr","locations":[{"start":{"line":31,"column":7},"end":{"line":31,"column":14}},{"start":{"line":32,"column":8},"end":{"line":37,"column":null}}]}},"s":{"0":2,"1":2,"2":2,"3":2,"4":2,"5":2,"6":2,"7":2,"8":4,"9":4,"10":4,"11":1,"12":0,"13":1,"14":1,"15":2},"f":{"0":4,"1":1,"2":0,"3":1,"4":1},"b":{"0":[4,1]}}
,"C:\\pessoal\\sketches-by-Boz\\sketches-by-boz\\src\\components\\cards\\styles.ts": {"path":"C:\\pessoal\\sketches-by-Boz\\sketches-by-boz\\src\\components\\cards\\styles.ts","statementMap":{"0":{"start":{"line":1,"column":0},"end":{"line":1,"column":39}},"1":{"start":{"line":3,"column":13},"end":{"line":24,"column":2}},"2":{"start":{"line":4,"column":28},"end":{"line":4,"column":30}},"3":{"start":{"line":5,"column":26},"end":{"line":5,"column":31}},"4":{"start":{"line":26,"column":13},"end":{"line":32,"column":2}},"5":{"start":{"line":34,"column":13},"end":{"line":41,"column":2}}},"fnMap":{"0":{"name":"(anonymous_1)","decl":{"start":{"line":4,"column":16},"end":{"line":4,"column":17}},"loc":{"start":{"line":4,"column":28},"end":{"line":4,"column":30}}},"1":{"name":"(anonymous_2)","decl":{"start":{"line":5,"column":11},"end":{"line":5,"column":12}},"loc":{"start":{"line":5,"column":26},"end":{"line":5,"column":31}}}},"branchMap":{},"s":{"0":2,"1":2,"2":4,"3":4,"4":2,"5":2},"f":{"0":4,"1":4},"b":{}}
,"C:\\pessoal\\sketches-by-Boz\\sketches-by-boz\\src\\components\\contentarea\\index.tsx": {"path":"C:\\pessoal\\sketches-by-Boz\\sketches-by-boz\\src\\components\\contentarea\\index.tsx","statementMap":{"0":{"start":{"line":2,"column":0},"end":{"line":2,"column":39}},"1":{"start":{"line":3,"column":0},"end":{"line":3,"column":34}},"2":{"start":{"line":6,"column":40},"end":{"line":25,"column":1}},"3":{"start":{"line":7,"column":2},"end":{"line":7,"column":43}},"4":{"start":{"line":7,"column":15},"end":{"line":7,"column":43}},"5":{"start":{"line":8,"column":2},"end":{"line":8,"column":35}},"6":{"start":{"line":8,"column":13},"end":{"line":8,"column":35}},"7":{"start":{"line":10,"column":2},"end":{"line":24,"column":4}},"8":{"start":{"line":13,"column":8},"end":{"line":14,"column":null}},"9":{"start":{"line":27,"column":0},"end":{"line":27,"column":23}}},"fnMap":{"0":{"name":"(anonymous_1)","decl":{"start":{"line":6,"column":40},"end":{"line":6,"column":41}},"loc":{"start":{"line":6,"column":95},"end":{"line":25,"column":1}}},"1":{"name":"(anonymous_2)","decl":{"start":{"line":12,"column":20},"end":{"line":12,"column":21}},"loc":{"start":{"line":13,"column":8},"end":{"line":14,"column":null}}}},"branchMap":{"0":{"loc":{"start":{"line":7,"column":2},"end":{"line":7,"column":43}},"type":"if","locations":[{"start":{"line":7,"column":2},"end":{"line":7,"column":43}},{"start":{},"end":{}}]},"1":{"loc":{"start":{"line":8,"column":2},"end":{"line":8,"column":35}},"type":"if","locations":[{"start":{"line":8,"column":2},"end":{"line":8,"column":35}},{"start":{},"end":{}}]}},"s":{"0":2,"1":2,"2":2,"3":8,"4":2,"5":6,"6":0,"7":6,"8":3,"9":2},"f":{"0":8,"1":3},"b":{"0":[2,6],"1":[0,6]}}
,"C:\\pessoal\\sketches-by-Boz\\sketches-by-boz\\src\\components\\contentarea\\styles.ts": {"path":"C:\\pessoal\\sketches-by-Boz\\sketches-by-boz\\src\\components\\contentarea\\styles.ts","statementMap":{"0":{"start":{"line":1,"column":0},"end":{"line":1,"column":39}},"1":{"start":{"line":3,"column":13},"end":{"line":12,"column":2}}},"fnMap":{},"branchMap":{},"s":{"0":2,"1":2},"f":{},"b":{}}
,"C:\\pessoal\\sketches-by-Boz\\sketches-by-boz\\src\\components\\header\\index.tsx": {"path":"C:\\pessoal\\sketches-by-Boz\\sketches-by-boz\\src\\components\\header\\index.tsx","statementMap":{"0":{"start":{"line":1,"column":1},"end":{"line":1,"column":39}},"1":{"start":{"line":2,"column":1},"end":{"line":2,"column":null}},"2":{"start":{"line":7,"column":0},"end":{"line":7,"column":35}},"3":{"start":{"line":8,"column":0},"end":{"line":8,"column":45}},"4":{"start":{"line":9,"column":0},"end":{"line":9,"column":47}},"5":{"start":{"line":12,"column":38},"end":{"line":25,"column":1}},"6":{"start":{"line":13,"column":26},"end":{"line":13,"column":41}},"7":{"start":{"line":15,"column":2},"end":{"line":24,"column":4}},"8":{"start":{"line":19,"column":39},"end":{"line":19,"column":52}},"9":{"start":{"line":22,"column":37},"end":{"line":22,"column":51}},"10":{"start":{"line":27,"column":0},"end":{"line":27,"column":22}}},"fnMap":{"0":{"name":"(anonymous_1)","decl":{"start":{"line":12,"column":38},"end":{"line":12,"column":39}},"loc":{"start":{"line":12,"column":53},"end":{"line":25,"column":1}}},"1":{"name":"(anonymous_2)","decl":{"start":{"line":19,"column":33},"end":{"line":19,"column":36}},"loc":{"start":{"line":19,"column":39},"end":{"line":19,"column":52}}},"2":{"name":"(anonymous_3)","decl":{"start":{"line":22,"column":31},"end":{"line":22,"column":34}},"loc":{"start":{"line":22,"column":37},"end":{"line":22,"column":51}}}},"branchMap":{"0":{"loc":{"start":{"line":22,"column":7},"end":{"line":22,"column":111}},"type":"binary-expr","locations":[{"start":{"line":22,"column":7},"end":{"line":22,"column":11}},{"start":{"line":22,"column":15},"end":{"line":22,"column":111}}]}},"s":{"0":2,"1":2,"2":2,"3":2,"4":2,"5":2,"6":9,"7":9,"8":1,"9":1,"10":2},"f":{"0":9,"1":1,"2":1},"b":{"0":[9,1]}}
,"C:\\pessoal\\sketches-by-Boz\\sketches-by-boz\\src\\components\\header\\styles.ts": {"path":"C:\\pessoal\\sketches-by-Boz\\sketches-by-boz\\src\\components\\header\\styles.ts","statementMap":{"0":{"start":{"line":1,"column":0},"end":{"line":1,"column":39}},"1":{"start":{"line":3,"column":13},"end":{"line":16,"column":2}},"2":{"start":{"line":18,"column":13},"end":{"line":24,"column":2}},"3":{"start":{"line":26,"column":13},"end":{"line":30,"column":2}}},"fnMap":{},"branchMap":{},"s":{"0":2,"1":2,"2":2,"3":2},"f":{},"b":{}}
,"C:\\pessoal\\sketches-by-Boz\\sketches-by-boz\\src\\components\\modal\\index.tsx": {"path":"C:\\pessoal\\sketches-by-Boz\\sketches-by-boz\\src\\components\\modal\\index.tsx","statementMap":{"0":{"start":{"line":1,"column":0},"end":{"line":1,"column":40}},"1":{"start":{"line":2,"column":0},"end":{"line":2,"column":68}},"2":{"start":{"line":3,"column":0},"end":{"line":3,"column":45}},"3":{"start":{"line":4,"column":0},"end":{"line":4,"column":48}},"4":{"start":{"line":5,"column":0},"end":{"line":5,"column":52}},"5":{"start":{"line":6,"column":0},"end":{"line":6,"column":50}},"6":{"start":{"line":7,"column":0},"end":{"line":7,"column":42}},"7":{"start":{"line":8,"column":0},"end":{"line":8,"column":46}},"8":{"start":{"line":12,"column":36},"end":{"line":73,"column":1}},"9":{"start":{"line":13,"column":26},"end":{"line":13,"column":53}},"10":{"start":{"line":14,"column":28},"end":{"line":14,"column":62}},"11":{"start":{"line":16,"column":21},"end":{"line":16,"column":43}},"12":{"start":{"line":18,"column":23},"end":{"line":21,"column":3}},"13":{"start":{"line":19,"column":4},"end":{"line":19,"column":54}},"14":{"start":{"line":20,"column":4},"end":{"line":20,"column":14}},"15":{"start":{"line":23,"column":28},"end":{"line":25,"column":3}},"16":{"start":{"line":24,"column":4},"end":{"line":24,"column":43}},"17":{"start":{"line":27,"column":2},"end":{"line":72,"column":4}},"18":{"start":{"line":36,"column":27},"end":{"line":36,"column":50}},"19":{"start":{"line":75,"column":0},"end":{"line":75,"column":21}}},"fnMap":{"0":{"name":"(anonymous_1)","decl":{"start":{"line":12,"column":36},"end":{"line":12,"column":37}},"loc":{"start":{"line":12,"column":101},"end":{"line":73,"column":1}}},"1":{"name":"(anonymous_2)","decl":{"start":{"line":18,"column":23},"end":{"line":18,"column":28}},"loc":{"start":{"line":18,"column":34},"end":{"line":21,"column":3}}},"2":{"name":"(anonymous_3)","decl":{"start":{"line":23,"column":28},"end":{"line":23,"column":29}},"loc":{"start":{"line":23,"column":53},"end":{"line":25,"column":3}}},"3":{"name":"(anonymous_4)","decl":{"start":{"line":36,"column":20},"end":{"line":36,"column":21}},"loc":{"start":{"line":36,"column":27},"end":{"line":36,"column":50}}}},"branchMap":{"0":{"loc":{"start":{"line":12,"column":55},"end":{"line":12,"column":72}},"type":"default-arg","locations":[{"start":{"line":12,"column":70},"end":{"line":12,"column":72}}]},"1":{"loc":{"start":{"line":13,"column":35},"end":{"line":13,"column":52}},"type":"binary-expr","locations":[{"start":{"line":13,"column":35},"end":{"line":13,"column":46}},{"start":{"line":13,"column":50},"end":{"line":13,"column":52}}]},"2":{"loc":{"start":{"line":16,"column":21},"end":{"line":16,"column":43}},"type":"binary-expr","locations":[{"start":{"line":16,"column":21},"end":{"line":16,"column":33}},{"start":{"line":16,"column":37},"end":{"line":16,"column":43}}]}},"s":{"0":2,"1":2,"2":2,"3":2,"4":2,"5":2,"6":2,"7":2,"8":2,"9":46,"10":46,"11":46,"12":46,"13":2,"14":2,"15":46,"16":2,"17":46,"18":42,"19":2},"f":{"0":46,"1":2,"2":2,"3":42},"b":{"0":[0],"1":[46,20],"2":[46,44]}}
,"C:\\pessoal\\sketches-by-Boz\\sketches-by-boz\\src\\components\\modal\\styles.ts": {"path":"C:\\pessoal\\sketches-by-Boz\\sketches-by-boz\\src\\components\\modal\\styles.ts","statementMap":{"0":{"start":{"line":1,"column":0},"end":{"line":1,"column":39}},"1":{"start":{"line":3,"column":13},"end":{"line":11,"column":2}},"2":{"start":{"line":13,"column":13},"end":{"line":31,"column":2}},"3":{"start":{"line":33,"column":13},"end":{"line":36,"column":2}},"4":{"start":{"line":38,"column":13},"end":{"line":42,"column":2}}},"fnMap":{},"branchMap":{},"s":{"0":2,"1":2,"2":2,"3":2,"4":2},"f":{},"b":{}}
,"C:\\pessoal\\sketches-by-Boz\\sketches-by-boz\\src\\pages\\home.tsx": {"path":"C:\\pessoal\\sketches-by-Boz\\sketches-by-boz\\src\\pages\\home.tsx","statementMap":{"0":{"start":{"line":1,"column":0},"end":{"line":1,"column":51}},"1":{"start":{"line":2,"column":0},"end":{"line":2,"column":48}},"2":{"start":{"line":3,"column":0},"end":{"line":3,"column":54}},"3":{"start":{"line":4,"column":0},"end":{"line":4,"column":105}},"4":{"start":{"line":5,"column":0},"end":{"line":5,"column":46}},"5":{"start":{"line":8,"column":23},"end":{"line":92,"column":1}},"6":{"start":{"line":9,"column":34},"end":{"line":9,"column":58}},"7":{"start":{"line":10,"column":32},"end":{"line":10,"column":47}},"8":{"start":{"line":11,"column":28},"end":{"line":11,"column":40}},"9":{"start":{"line":12,"column":36},"end":{"line":12,"column":51}},"10":{"start":{"line":13,"column":34},"end":{"line":13,"column":46}},"11":{"start":{"line":15,"column":20},"end":{"line":18,"column":3}},"12":{"start":{"line":16,"column":4},"end":{"line":16,"column":25}},"13":{"start":{"line":17,"column":4},"end":{"line":17,"column":23}},"14":{"start":{"line":20,"column":2},"end":{"line":35,"column":9}},"15":{"start":{"line":21,"column":4},"end":{"line":34,"column":9}},"16":{"start":{"line":22,"column":6},"end":{"line":22,"column":23}},"17":{"start":{"line":23,"column":6},"end":{"line":23,"column":19}},"18":{"start":{"line":24,"column":6},"end":{"line":33,"column":7}},"19":{"start":{"line":25,"column":21},"end":{"line":25,"column":40}},"20":{"start":{"line":26,"column":8},"end":{"line":26,"column":26}},"21":{"start":{"line":28,"column":8},"end":{"line":28,"column":25}},"22":{"start":{"line":29,"column":8},"end":{"line":29,"column":38}},"23":{"start":{"line":30,"column":8},"end":{"line":30,"column":39}},"24":{"start":{"line":32,"column":8},"end":{"line":32,"column":26}},"25":{"start":{"line":37,"column":23},"end":{"line":45,"column":3}},"26":{"start":{"line":38,"column":4},"end":{"line":44,"column":5}},"27":{"start":{"line":39,"column":22},"end":{"line":39,"column":49}},"28":{"start":{"line":40,"column":6},"end":{"line":40,"column":48}},"29":{"start":{"line":40,"column":28},"end":{"line":40,"column":46}},"30":{"start":{"line":41,"column":6},"end":{"line":41,"column":39}},"31":{"start":{"line":43,"column":6},"end":{"line":43,"column":34}},"32":{"start":{"line":47,"column":23},"end":{"line":57,"column":3}},"33":{"start":{"line":48,"column":4},"end":{"line":56,"column":5}},"34":{"start":{"line":49,"column":22},"end":{"line":49,"column":57}},"35":{"start":{"line":50,"column":6},"end":{"line":52,"column":8}},"36":{"start":{"line":51,"column":8},"end":{"line":51,"column":69}},"37":{"start":{"line":51,"column":28},"end":{"line":51,"column":67}},"38":{"start":{"line":53,"column":6},"end":{"line":53,"column":43}},"39":{"start":{"line":55,"column":6},"end":{"line":55,"column":38}},"40":{"start":{"line":60,"column":23},"end":{"line":70,"column":3}},"41":{"start":{"line":61,"column":4},"end":{"line":69,"column":5}},"42":{"start":{"line":62,"column":18},"end":{"line":62,"column":44}},"43":{"start":{"line":63,"column":6},"end":{"line":66,"column":7}},"44":{"start":{"line":64,"column":8},"end":{"line":64,"column":69}},"45":{"start":{"line":64,"column":30},"end":{"line":64,"column":67}},"46":{"start":{"line":64,"column":52},"end":{"line":64,"column":66}},"47":{"start":{"line":65,"column":8},"end":{"line":65,"column":42}},"48":{"start":{"line":68,"column":6},"end":{"line":68,"column":35}},"49":{"start":{"line":72,"column":2},"end":{"line":90,"column":4}},"50":{"start":{"line":84,"column":23},"end":{"line":84,"column":42}},"51":{"start":{"line":94,"column":0},"end":{"line":94,"column":20}}},"fnMap":{"0":{"name":"(anonymous_1)","decl":{"start":{"line":8,"column":23},"end":{"line":8,"column":26}},"loc":{"start":{"line":8,"column":28},"end":{"line":92,"column":1}}},"1":{"name":"(anonymous_2)","decl":{"start":{"line":15,"column":20},"end":{"line":15,"column":21}},"loc":{"start":{"line":15,"column":40},"end":{"line":18,"column":3}}},"2":{"name":"(anonymous_3)","decl":{"start":{"line":20,"column":12},"end":{"line":20,"column":15}},"loc":{"start":{"line":20,"column":17},"end":{"line":35,"column":3}}},"3":{"name":"(anonymous_4)","decl":{"start":{"line":21,"column":5},"end":{"line":21,"column":10}},"loc":{"start":{"line":21,"column":16},"end":{"line":34,"column":5}}},"4":{"name":"(anonymous_5)","decl":{"start":{"line":37,"column":23},"end":{"line":37,"column":28}},"loc":{"start":{"line":37,"column":73},"end":{"line":45,"column":3}}},"5":{"name":"(anonymous_6)","decl":{"start":{"line":40,"column":18},"end":{"line":40,"column":19}},"loc":{"start":{"line":40,"column":28},"end":{"line":40,"column":46}}},"6":{"name":"(anonymous_7)","decl":{"start":{"line":47,"column":23},"end":{"line":47,"column":28}},"loc":{"start":{"line":47,"column":85},"end":{"line":57,"column":3}}},"7":{"name":"(anonymous_8)","decl":{"start":{"line":50,"column":18},"end":{"line":50,"column":19}},"loc":{"start":{"line":51,"column":8},"end":{"line":51,"column":69}}},"8":{"name":"(anonymous_9)","decl":{"start":{"line":51,"column":17},"end":{"line":51,"column":18}},"loc":{"start":{"line":51,"column":28},"end":{"line":51,"column":67}}},"9":{"name":"(anonymous_10)","decl":{"start":{"line":60,"column":23},"end":{"line":60,"column":28}},"loc":{"start":{"line":60,"column":44},"end":{"line":70,"column":3}}},"10":{"name":"(anonymous_11)","decl":{"start":{"line":64,"column":20},"end":{"line":64,"column":21}},"loc":{"start":{"line":64,"column":30},"end":{"line":64,"column":67}}},"11":{"name":"(anonymous_12)","decl":{"start":{"line":64,"column":42},"end":{"line":64,"column":43}},"loc":{"start":{"line":64,"column":52},"end":{"line":64,"column":66}}},"12":{"name":"(anonymous_13)","decl":{"start":{"line":84,"column":17},"end":{"line":84,"column":20}},"loc":{"start":{"line":84,"column":23},"end":{"line":84,"column":42}}}},"branchMap":{"0":{"loc":{"start":{"line":51,"column":28},"end":{"line":51,"column":67}},"type":"cond-expr","locations":[{"start":{"line":51,"column":53},"end":{"line":51,"column":60}},{"start":{"line":51,"column":63},"end":{"line":51,"column":67}}]},"1":{"loc":{"start":{"line":63,"column":6},"end":{"line":66,"column":7}},"type":"if","locations":[{"start":{"line":63,"column":6},"end":{"line":66,"column":7}},{"start":{},"end":{}}]}},"s":{"0":2,"1":2,"2":2,"3":2,"4":2,"5":2,"6":8,"7":8,"8":8,"9":8,"10":8,"11":8,"12":2,"13":2,"14":8,"15":2,"16":2,"17":2,"18":2,"19":2,"20":2,"21":0,"22":0,"23":0,"24":2,"25":8,"26":1,"27":1,"28":1,"29":1,"30":1,"31":0,"32":8,"33":1,"34":1,"35":1,"36":1,"37":1,"38":1,"39":0,"40":8,"41":0,"42":0,"43":0,"44":0,"45":0,"46":0,"47":0,"48":0,"49":8,"50":0,"51":2},"f":{"0":8,"1":2,"2":2,"3":2,"4":1,"5":1,"6":1,"7":1,"8":1,"9":0,"10":0,"11":0,"12":0},"b":{"0":[1,0],"1":[0,0]}}
,"C:\\pessoal\\sketches-by-Boz\\sketches-by-boz\\src\\services\\sketches.api.tsx": {"path":"C:\\pessoal\\sketches-by-Boz\\sketches-by-boz\\src\\services\\sketches.api.tsx","statementMap":{"0":{"start":{"line":1,"column":0},"end":{"line":1,"column":26}},"1":{"start":{"line":3,"column":13},"end":{"line":5,"column":3}},"2":{"start":{"line":13,"column":27},"end":{"line":20,"column":1}},"3":{"start":{"line":14,"column":2},"end":{"line":19,"column":3}},"4":{"start":{"line":15,"column":21},"end":{"line":15,"column":47}},"5":{"start":{"line":16,"column":4},"end":{"line":16,"column":25}},"6":{"start":{"line":18,"column":4},"end":{"line":18,"column":16}},"7":{"start":{"line":13,"column":13},"end":{"line":13,"column":27}},"8":{"start":{"line":22,"column":28},"end":{"line":31,"column":1}},"9":{"start":{"line":25,"column":2},"end":{"line":30,"column":3}},"10":{"start":{"line":26,"column":21},"end":{"line":26,"column":54}},"11":{"start":{"line":27,"column":4},"end":{"line":27,"column":25}},"12":{"start":{"line":29,"column":4},"end":{"line":29,"column":16}},"13":{"start":{"line":22,"column":13},"end":{"line":22,"column":28}},"14":{"start":{"line":33,"column":32},"end":{"line":44,"column":1}},"15":{"start":{"line":37,"column":2},"end":{"line":43,"column":3}},"16":{"start":{"line":38,"column":21},"end":{"line":38,"column":61}},"17":{"start":{"line":39,"column":4},"end":{"line":39,"column":25}},"18":{"start":{"line":41,"column":4},"end":{"line":41,"column":43}},"19":{"start":{"line":42,"column":4},"end":{"line":42,"column":16}},"20":{"start":{"line":33,"column":13},"end":{"line":33,"column":32}},"21":{"start":{"line":46,"column":32},"end":{"line":53,"column":1}},"22":{"start":{"line":47,"column":2},"end":{"line":52,"column":3}},"23":{"start":{"line":48,"column":21},"end":{"line":48,"column":56}},"24":{"start":{"line":49,"column":4},"end":{"line":49,"column":76}},"25":{"start":{"line":51,"column":4},"end":{"line":51,"column":16}},"26":{"start":{"line":46,"column":13},"end":{"line":46,"column":32}}},"fnMap":{"0":{"name":"(anonymous_1)","decl":{"start":{"line":13,"column":27},"end":{"line":13,"column":32}},"loc":{"start":{"line":13,"column":38},"end":{"line":20,"column":1}}},"1":{"name":"(anonymous_2)","decl":{"start":{"line":22,"column":28},"end":{"line":22,"column":33}},"loc":{"start":{"line":24,"column":5},"end":{"line":31,"column":1}}},"2":{"name":"(anonymous_3)","decl":{"start":{"line":33,"column":32},"end":{"line":33,"column":37}},"loc":{"start":{"line":36,"column":4},"end":{"line":44,"column":1}}},"3":{"name":"(anonymous_4)","decl":{"start":{"line":46,"column":32},"end":{"line":46,"column":37}},"loc":{"start":{"line":46,"column":53},"end":{"line":53,"column":1}}}},"branchMap":{"0":{"loc":{"start":{"line":49,"column":22},"end":{"line":49,"column":69}},"type":"binary-expr","locations":[{"start":{"line":49,"column":22},"end":{"line":49,"column":44}},{"start":{"line":49,"column":48},"end":{"line":49,"column":69}}]}},"s":{"0":3,"1":3,"2":3,"3":1,"4":1,"5":1,"6":0,"7":3,"8":3,"9":1,"10":1,"11":1,"12":0,"13":3,"14":3,"15":1,"16":1,"17":1,"18":0,"19":0,"20":3,"21":3,"22":1,"23":1,"24":1,"25":0,"26":3},"f":{"0":1,"1":1,"2":1,"3":1},"b":{"0":[1,1]}}
}
