TN:
SF:src\components\button\index.tsx
FN:6,(anonymous_1)
FNF:1
FNH:1
FNDA:109,(anonymous_1)
DA:2,2
DA:3,2
DA:6,2
DA:13,109
DA:14,109
DA:23,2
LF:6
LH:6
BRDA:9,0,0,92
BRDA:16,1,0,17
BRDA:16,1,1,92
BRDA:17,2,0,17
BRDA:17,2,1,92
BRF:5
BRH:5
end_of_record
TN:
SF:src\components\button\styles.ts
FNF:0
FNH:0
DA:1,2
DA:3,2
DA:17,2
LF:3
LH:3
BRF:0
BRH:0
end_of_record
TN:
SF:src\components\cards\index.tsx
FN:16,(anonymous_1)
FN:26,(anonymous_2)
FN:27,(anonymous_3)
FN:34,(anonymous_4)
FN:37,(anonymous_5)
FNF:5
FNH:4
FNDA:4,(anonymous_1)
FNDA:1,(anonymous_2)
FNDA:0,(anonymous_3)
FNDA:1,(anonymous_4)
FNDA:1,(anonymous_5)
DA:1,2
DA:2,2
DA:3,2
DA:4,2
DA:5,2
DA:6,2
DA:9,2
DA:16,2
DA:17,4
DA:18,4
DA:20,4
DA:26,1
DA:27,0
DA:34,1
DA:37,1
DA:44,2
LF:16
LH:15
BRDA:31,0,0,4
BRDA:31,0,1,1
BRF:2
BRH:2
end_of_record
TN:
SF:src\components\cards\styles.ts
FN:4,(anonymous_1)
FN:5,(anonymous_2)
FNF:2
FNH:2
FNDA:4,(anonymous_1)
FNDA:4,(anonymous_2)
DA:1,2
DA:3,2
DA:4,4
DA:5,4
DA:26,2
DA:34,2
LF:6
LH:6
BRF:0
BRH:0
end_of_record
TN:
SF:src\components\contentarea\index.tsx
FN:6,(anonymous_1)
FN:12,(anonymous_2)
FNF:2
FNH:2
FNDA:8,(anonymous_1)
FNDA:3,(anonymous_2)
DA:2,2
DA:3,2
DA:6,2
DA:7,8
DA:8,6
DA:10,6
DA:13,3
DA:27,2
LF:8
LH:8
BRDA:7,0,0,2
BRDA:7,0,1,6
BRDA:8,1,0,0
BRDA:8,1,1,6
BRF:4
BRH:3
end_of_record
TN:
SF:src\components\contentarea\styles.ts
FNF:0
FNH:0
DA:1,2
DA:3,2
LF:2
LH:2
BRF:0
BRH:0
end_of_record
TN:
SF:src\components\header\index.tsx
FN:12,(anonymous_1)
FN:19,(anonymous_2)
FN:22,(anonymous_3)
FNF:3
FNH:3
FNDA:9,(anonymous_1)
FNDA:1,(anonymous_2)
FNDA:1,(anonymous_3)
DA:1,2
DA:2,2
DA:7,2
DA:8,2
DA:9,2
DA:12,2
DA:13,9
DA:15,9
DA:19,1
DA:22,1
DA:27,2
LF:11
LH:11
BRDA:22,0,0,9
BRDA:22,0,1,1
BRF:2
BRH:2
end_of_record
TN:
SF:src\components\header\styles.ts
FNF:0
FNH:0
DA:1,2
DA:3,2
DA:18,2
DA:26,2
LF:4
LH:4
BRF:0
BRH:0
end_of_record
TN:
SF:src\components\modal\index.tsx
FN:12,(anonymous_1)
FN:18,(anonymous_2)
FN:23,(anonymous_3)
FN:36,(anonymous_4)
FNF:4
FNH:4
FNDA:46,(anonymous_1)
FNDA:2,(anonymous_2)
FNDA:2,(anonymous_3)
FNDA:42,(anonymous_4)
DA:1,2
DA:2,2
DA:3,2
DA:4,2
DA:5,2
DA:6,2
DA:7,2
DA:8,2
DA:12,2
DA:13,46
DA:14,46
DA:16,46
DA:18,46
DA:19,2
DA:20,2
DA:23,46
DA:24,2
DA:27,46
DA:36,42
DA:75,2
LF:20
LH:20
BRDA:12,0,0,0
BRDA:13,1,0,46
BRDA:13,1,1,20
BRDA:16,2,0,46
BRDA:16,2,1,44
BRF:5
BRH:4
end_of_record
TN:
SF:src\components\modal\styles.ts
FNF:0
FNH:0
DA:1,2
DA:3,2
DA:13,2
DA:33,2
DA:38,2
LF:5
LH:5
BRF:0
BRH:0
end_of_record
TN:
SF:src\pages\home.tsx
FN:8,(anonymous_1)
FN:15,(anonymous_2)
FN:20,(anonymous_3)
FN:21,(anonymous_4)
FN:37,(anonymous_5)
FN:40,(anonymous_6)
FN:47,(anonymous_7)
FN:50,(anonymous_8)
FN:51,(anonymous_9)
FN:60,(anonymous_10)
FN:64,(anonymous_11)
FN:64,(anonymous_12)
FN:84,(anonymous_13)
FNF:13
FNH:9
FNDA:8,(anonymous_1)
FNDA:2,(anonymous_2)
FNDA:2,(anonymous_3)
FNDA:2,(anonymous_4)
FNDA:1,(anonymous_5)
FNDA:1,(anonymous_6)
FNDA:1,(anonymous_7)
FNDA:1,(anonymous_8)
FNDA:1,(anonymous_9)
FNDA:0,(anonymous_10)
FNDA:0,(anonymous_11)
FNDA:0,(anonymous_12)
FNDA:0,(anonymous_13)
DA:1,2
DA:2,2
DA:3,2
DA:4,2
DA:5,2
DA:8,2
DA:9,8
DA:10,8
DA:11,8
DA:12,8
DA:13,8
DA:15,8
DA:16,2
DA:17,2
DA:20,8
DA:21,2
DA:22,2
DA:23,2
DA:24,2
DA:25,2
DA:26,2
DA:28,0
DA:29,0
DA:30,0
DA:32,2
DA:37,8
DA:38,1
DA:39,1
DA:40,1
DA:41,1
DA:43,0
DA:47,8
DA:48,1
DA:49,1
DA:50,1
DA:51,1
DA:53,1
DA:55,0
DA:60,8
DA:61,0
DA:62,0
DA:63,0
DA:64,0
DA:65,0
DA:68,0
DA:72,8
DA:84,0
DA:94,2
LF:48
LH:36
BRDA:51,0,0,1
BRDA:51,0,1,0
BRDA:63,1,0,0
BRDA:63,1,1,0
BRF:4
BRH:1
end_of_record
TN:
SF:src\services\sketches.api.tsx
FN:13,(anonymous_1)
FN:22,(anonymous_2)
FN:33,(anonymous_3)
FN:46,(anonymous_4)
FNF:4
FNH:4
FNDA:1,(anonymous_1)
FNDA:1,(anonymous_2)
FNDA:1,(anonymous_3)
FNDA:1,(anonymous_4)
DA:1,3
DA:3,3
DA:13,3
DA:14,1
DA:15,1
DA:16,1
DA:18,0
DA:22,3
DA:25,1
DA:26,1
DA:27,1
DA:29,0
DA:33,3
DA:37,1
DA:38,1
DA:39,1
DA:41,0
DA:42,0
DA:46,3
DA:47,1
DA:48,1
DA:49,1
DA:51,0
LF:23
LH:18
BRDA:49,0,0,1
BRDA:49,0,1,1
BRF:2
BRH:2
end_of_record
